<?xml version="1.0" encoding="UTF-8"?>
<testsuite name="com.test.app.cacheapi.CacheApiApplicationTests" tests="1" skipped="0" failures="0" errors="0" timestamp="2019-04-19T05:44:26" hostname="C02XP06CJG5L" time="0.221">
  <properties/>
  <testcase name="contextLoads" classname="com.test.app.cacheapi.CacheApiApplicationTests" time="0.221"/>
  <system-out><![CDATA[11:14:25.025 [Test worker] DEBUG org.springframework.test.context.junit4.SpringJUnit4ClassRunner - SpringJUnit4ClassRunner constructor called with [class com.test.app.cacheapi.CacheApiApplicationTests]
11:14:25.032 [Test worker] DEBUG org.springframework.test.context.BootstrapUtils - Instantiating CacheAwareContextLoaderDelegate from class [org.springframework.test.context.cache.DefaultCacheAwareContextLoaderDelegate]
11:14:25.042 [Test worker] DEBUG org.springframework.test.context.BootstrapUtils - Instantiating BootstrapContext using constructor [public org.springframework.test.context.support.DefaultBootstrapContext(java.lang.Class,org.springframework.test.context.CacheAwareContextLoaderDelegate)]
11:14:25.057 [Test worker] DEBUG org.springframework.test.context.BootstrapUtils - Instantiating TestContextBootstrapper for test class [com.test.app.cacheapi.CacheApiApplicationTests] from class [org.springframework.boot.test.context.SpringBootTestContextBootstrapper]
11:14:25.067 [Test worker] INFO org.springframework.boot.test.context.SpringBootTestContextBootstrapper - Neither @ContextConfiguration nor @ContextHierarchy found for test class [com.test.app.cacheapi.CacheApiApplicationTests], using SpringBootContextLoader
11:14:25.069 [Test worker] DEBUG org.springframework.test.context.support.AbstractContextLoader - Did not detect default resource location for test class [com.test.app.cacheapi.CacheApiApplicationTests]: class path resource [com/test/app/cacheapi/CacheApiApplicationTests-context.xml] does not exist
11:14:25.069 [Test worker] DEBUG org.springframework.test.context.support.AbstractContextLoader - Did not detect default resource location for test class [com.test.app.cacheapi.CacheApiApplicationTests]: class path resource [com/test/app/cacheapi/CacheApiApplicationTestsContext.groovy] does not exist
11:14:25.069 [Test worker] INFO org.springframework.test.context.support.AbstractContextLoader - Could not detect default resource locations for test class [com.test.app.cacheapi.CacheApiApplicationTests]: no resource found for suffixes {-context.xml, Context.groovy}.
11:14:25.070 [Test worker] INFO org.springframework.test.context.support.AnnotationConfigContextLoaderUtils - Could not detect default configuration classes for test class [com.test.app.cacheapi.CacheApiApplicationTests]: CacheApiApplicationTests does not declare any static, non-private, non-final, nested classes annotated with @Configuration.
11:14:25.101 [Test worker] DEBUG org.springframework.test.context.support.ActiveProfilesUtils - Could not find an 'annotation declaring class' for annotation type [org.springframework.test.context.ActiveProfiles] and class [com.test.app.cacheapi.CacheApiApplicationTests]
11:14:25.152 [Test worker] DEBUG org.springframework.context.annotation.ClassPathScanningCandidateComponentProvider - Identified candidate component class: file [/Users/dsm2061/Downloads/cache-api/build/classes/java/main/com/test/app/cacheapi/CacheApiApplication.class]
11:14:25.153 [Test worker] INFO org.springframework.boot.test.context.SpringBootTestContextBootstrapper - Found @SpringBootConfiguration com.test.app.cacheapi.CacheApiApplication for test class com.test.app.cacheapi.CacheApiApplicationTests
11:14:25.221 [Test worker] DEBUG org.springframework.boot.test.context.SpringBootTestContextBootstrapper - @TestExecutionListeners is not present for class [com.test.app.cacheapi.CacheApiApplicationTests]: using defaults.
11:14:25.221 [Test worker] INFO org.springframework.boot.test.context.SpringBootTestContextBootstrapper - Loaded default TestExecutionListener class names from location [META-INF/spring.factories]: [org.springframework.boot.test.autoconfigure.restdocs.RestDocsTestExecutionListener, org.springframework.boot.test.autoconfigure.web.client.MockRestServiceServerResetTestExecutionListener, org.springframework.boot.test.autoconfigure.web.servlet.MockMvcPrintOnlyOnFailureTestExecutionListener, org.springframework.boot.test.autoconfigure.web.servlet.WebDriverTestExecutionListener, org.springframework.boot.test.mock.mockito.MockitoTestExecutionListener, org.springframework.boot.test.mock.mockito.ResetMocksTestExecutionListener, org.springframework.test.context.web.ServletTestExecutionListener, org.springframework.test.context.support.DirtiesContextBeforeModesTestExecutionListener, org.springframework.test.context.support.DependencyInjectionTestExecutionListener, org.springframework.test.context.support.DirtiesContextTestExecutionListener, org.springframework.test.context.transaction.TransactionalTestExecutionListener, org.springframework.test.context.jdbc.SqlScriptsTestExecutionListener]
11:14:25.230 [Test worker] DEBUG org.springframework.boot.test.context.SpringBootTestContextBootstrapper - Skipping candidate TestExecutionListener [org.springframework.test.context.transaction.TransactionalTestExecutionListener] due to a missing dependency. Specify custom listener classes or make the default listener classes and their required dependencies available. Offending class: [org/springframework/transaction/interceptor/TransactionAttributeSource]
11:14:25.231 [Test worker] DEBUG org.springframework.boot.test.context.SpringBootTestContextBootstrapper - Skipping candidate TestExecutionListener [org.springframework.test.context.jdbc.SqlScriptsTestExecutionListener] due to a missing dependency. Specify custom listener classes or make the default listener classes and their required dependencies available. Offending class: [org/springframework/transaction/interceptor/TransactionAttribute]
11:14:25.231 [Test worker] INFO org.springframework.boot.test.context.SpringBootTestContextBootstrapper - Using TestExecutionListeners: [org.springframework.test.context.web.ServletTestExecutionListener@632ee111, org.springframework.test.context.support.DirtiesContextBeforeModesTestExecutionListener@347c71d9, org.springframework.boot.test.mock.mockito.MockitoTestExecutionListener@4ceed93a, org.springframework.boot.test.autoconfigure.SpringBootDependencyInjectionTestExecutionListener@3204bc3c, org.springframework.test.context.support.DirtiesContextTestExecutionListener@2636f504, org.springframework.boot.test.autoconfigure.restdocs.RestDocsTestExecutionListener@7113baa2, org.springframework.boot.test.autoconfigure.web.client.MockRestServiceServerResetTestExecutionListener@4b8e8ab3, org.springframework.boot.test.autoconfigure.web.servlet.MockMvcPrintOnlyOnFailureTestExecutionListener@5c7c3aa2, org.springframework.boot.test.autoconfigure.web.servlet.WebDriverTestExecutionListener@4d737afc, org.springframework.boot.test.mock.mockito.ResetMocksTestExecutionListener@21d90f5a]
11:14:25.233 [Test worker] DEBUG org.springframework.test.annotation.ProfileValueUtils - Retrieved @ProfileValueSourceConfiguration [null] for test class [com.test.app.cacheapi.CacheApiApplicationTests]
11:14:25.233 [Test worker] DEBUG org.springframework.test.annotation.ProfileValueUtils - Retrieved ProfileValueSource type [class org.springframework.test.annotation.SystemProfileValueSource] for class [com.test.app.cacheapi.CacheApiApplicationTests]
11:14:25.234 [Test worker] DEBUG org.springframework.test.annotation.ProfileValueUtils - Retrieved @ProfileValueSourceConfiguration [null] for test class [com.test.app.cacheapi.CacheApiApplicationTests]
11:14:25.234 [Test worker] DEBUG org.springframework.test.annotation.ProfileValueUtils - Retrieved ProfileValueSource type [class org.springframework.test.annotation.SystemProfileValueSource] for class [com.test.app.cacheapi.CacheApiApplicationTests]
11:14:25.237 [Test worker] DEBUG org.springframework.test.context.support.AbstractDirtiesContextTestExecutionListener - Before test class: context [DefaultTestContext@1d0e325e testClass = CacheApiApplicationTests, testInstance = [null], testMethod = [null], testException = [null], mergedContextConfiguration = [WebMergedContextConfiguration@2b17821a testClass = CacheApiApplicationTests, locations = '{}', classes = '{class com.test.app.cacheapi.CacheApiApplication}', contextInitializerClasses = '[]', activeProfiles = '{}', propertySourceLocations = '{}', propertySourceProperties = '{org.springframework.boot.test.context.SpringBootTestContextBootstrapper=true}', contextCustomizers = set[org.springframework.boot.test.autoconfigure.properties.PropertyMappingContextCustomizer@0, org.springframework.boot.test.autoconfigure.web.servlet.WebDriverContextCustomizerFactory$Customizer@5a77118, org.springframework.boot.test.context.filter.ExcludeFilterContextCustomizer@11110fdd, org.springframework.boot.test.json.DuplicateJsonObjectContextCustomizerFactory$DuplicateJsonObjectContextCustomizer@6cb2f200, org.springframework.boot.test.mock.mockito.MockitoContextCustomizer@0, org.springframework.boot.test.web.client.TestRestTemplateContextCustomizer@7bcc3096], resourceBasePath = 'src/main/webapp', contextLoader = 'org.springframework.boot.test.context.SpringBootContextLoader', parent = [null]], attributes = map['org.springframework.test.context.web.ServletTestExecutionListener.activateListener' -> true]], class annotated with @DirtiesContext [false] with mode [null].
11:14:25.238 [Test worker] DEBUG org.springframework.test.annotation.ProfileValueUtils - Retrieved @ProfileValueSourceConfiguration [null] for test class [com.test.app.cacheapi.CacheApiApplicationTests]
11:14:25.238 [Test worker] DEBUG org.springframework.test.annotation.ProfileValueUtils - Retrieved ProfileValueSource type [class org.springframework.test.annotation.SystemProfileValueSource] for class [com.test.app.cacheapi.CacheApiApplicationTests]
11:14:25.252 [Test worker] DEBUG org.springframework.test.context.support.TestPropertySourceUtils - Adding inlined properties to environment: {spring.jmx.enabled=false, org.springframework.boot.test.context.SpringBootTestContextBootstrapper=true, server.port=-1}

  .   ____          _            __ _ _
 /\\ / ___'_ __ _ _(_)_ __  __ _ \ \ \ \
( ( )\___ | '_ | '_| | '_ \/ _` | \ \ \ \
 \\/  ___)| |_)| | | | | || (_| |  ) ) ) )
  '  |____| .__|_| |_|_| |_\__, | / / / /
 =========|_|==============|___/=/_/_/_/
 :: Spring Boot ::        (v2.1.4.RELEASE)

2019-04-19 11:14:25.843  INFO 32640 --- [    Test worker] c.t.a.cacheapi.CacheApiApplicationTests  : Starting CacheApiApplicationTests on C02XP06CJG5L with PID 32640 (started by dsm2061 in /Users/dsm2061/Downloads/cache-api)
2019-04-19 11:14:25.844  INFO 32640 --- [    Test worker] c.t.a.cacheapi.CacheApiApplicationTests  : No active profile set, falling back to default profiles: default
2019-04-19 11:14:26.743  INFO 32640 --- [    Test worker] o.s.s.concurrent.ThreadPoolTaskExecutor  : Initializing ExecutorService 'applicationTaskExecutor'
2019-04-19 11:14:26.930  INFO 32640 --- [    Test worker] c.t.a.cacheapi.CacheApiApplicationTests  : Started CacheApiApplicationTests in 1.671 seconds (JVM running for 2.371)
]]></system-out>
  <system-err><![CDATA[]]></system-err>
</testsuite>
